d:\savvyscan-source\jeolcamera\exedebug-64\server-semcamserver.pch
d:\savvyscan-source\jeolcamera\exedebug-64\vc142.pdb
d:\savvyscan-source\jeolcamera\exedebug-64\stdafxserver.obj
d:\savvyscan-source\jeolcamera\exedebug-64\plist_modified.obj
d:\savvyscan-source\jeolcamera\exedebug-64\mrcsec.obj
d:\savvyscan-source\jeolcamera\exedebug-64\mrcfiles.obj
d:\savvyscan-source\jeolcamera\exedebug-64\iimrc.obj
d:\savvyscan-source\jeolcamera\exedebug-64\iimage_modified.obj
d:\savvyscan-source\jeolcamera\exedebug-64\iilikemrc.obj
d:\savvyscan-source\jeolcamera\exedebug-64\islice.obj
d:\savvyscan-source\jeolcamera\exedebug-64\ilist.obj
d:\savvyscan-source\jeolcamera\exedebug-64\b3dutil.obj
d:\savvyscan-source\jeolcamera\exedebug-64\jeolcamera.obj
d:\savvyscan-source\jeolcamera\exedebug-64\jeol-semcamserver.obj
d:\savvyscan-source\jeolcamera\exedebug-64\baseserver.obj
d:\savvyscan-source\jeolcamera\exedebug-64\recrepmulti.obj
d:\savvyscan-source\jeolcamera\exedebug-64\spcm_lib_data.obj
d:\savvyscan-source\jeolcamera\exedebug-64\spcm_lib_card.obj
d:\savvyscan-source\jeolcamera\exedebug-64\spcm_ostools_win.obj
d:\savvyscan-source\jeolcamera\exedebug-64\server-semcamserver.ilk
d:\savvyscan-source\jeolcamera\exedebug-64\server-semcamserver.exe
d:\savvyscan-source\jeolcamera\exedebug-64\server-semcamserver.pdb
d:\savvyscan-source\jeolcamera\exedebug-64\jeol-semcamserver.vcxprojassemblyreference.cache
d:\savvyscan-source\jeolcamera\exedebug-64\jeol-semcamserver.ilk
d:\savvyscan-source\jeolcamera\exedebug-64\libzmq.ilk
d:\savvyscan-source\jeolcamera\exedebug-64\mscorlib.tlh
d:\savvyscan-source\jeolcamera\exedebug-64\jeol-semcamserver.pch
d:\savvyscan-source\jeolcamera\exedebug-64\libzmq.exp
d:\savvyscan-source\jeolcamera\exedebug-64\libzmq.pdb
d:\savvyscan-source\jeolcamera\exedebug-64\mdf4lib.netv40_x64.xml
d:\savvyscan-source\jeolcamera\exedebug-64\server-s.832ba3d8.tlog\cl.command.1.tlog
d:\savvyscan-source\jeolcamera\exedebug-64\server-s.832ba3d8.tlog\cl.read.1.tlog
d:\savvyscan-source\jeolcamera\exedebug-64\server-s.832ba3d8.tlog\cl.write.1.tlog
d:\savvyscan-source\jeolcamera\exedebug-64\server-s.832ba3d8.tlog\link.command.1.tlog
d:\savvyscan-source\jeolcamera\exedebug-64\server-s.832ba3d8.tlog\link.read.1.tlog
d:\savvyscan-source\jeolcamera\exedebug-64\server-s.832ba3d8.tlog\link.write.1.tlog
